<?xml version="1.0" encoding="UTF-8"?>
<testng-results skipped="0" failed="2" total="2" passed="0">
  <reporter-output>
  </reporter-output>
  <suite name="Default suite" duration-ms="388" started-at="2015-06-07T18:27:21Z" finished-at="2015-06-07T18:27:21Z">
    <groups>
    </groups>
    <test name="Default test" duration-ms="388" started-at="2015-06-07T18:27:21Z" finished-at="2015-06-07T18:27:21Z">
      <class name="Aula6.TestCompiler">
        <test-method status="PASS" signature="createTempDir()[pri:0, instance:Aula6.TestCompiler@387c703b]" name="createTempDir" is-config="true" duration-ms="6" started-at="2015-06-07T15:27:21Z" finished-at="2015-06-07T15:27:21Z">
          <reporter-output>
          </reporter-output>
        </test-method> <!-- createTempDir -->
        <test-method status="FAIL" signature="runningCode_outputsExpectedText(java.lang.String, java.lang.String)[pri:0, instance:Aula6.TestCompiler@387c703b]" name="runningCode_outputsExpectedText" duration-ms="260" started-at="2015-06-07T15:27:21Z" data-provider="provide_code_expectedText" finished-at="2015-06-07T15:27:21Z">
          <params>
            <param index="0">
              <value>
                <![CDATA[LHC+-{print(2*3+5*2);}]]>
              </value>
            </param>
            <param index="1">
              <value>
                <![CDATA[16
]]>
              </value>
            </param>
          </params>
          <exception class="java.util.NoSuchElementException">
            <full-stacktrace>
              <![CDATA[java.util.NoSuchElementException
	at java.util.Scanner.throwFor(Unknown Source)
	at java.util.Scanner.next(Unknown Source)
	at Aula6.TestCompiler.runJavaClass(TestCompiler.java:85)
	at Aula6.TestCompiler.compileAndRun(TestCompiler.java:79)
	at Aula6.TestCompiler.runningCode_outputsExpectedText(TestCompiler.java:52)
	at sun.reflect.NativeMethodAccessorImpl.invoke0(Native Method)
	at sun.reflect.NativeMethodAccessorImpl.invoke(Unknown Source)
	at sun.reflect.DelegatingMethodAccessorImpl.invoke(Unknown Source)
	at java.lang.reflect.Method.invoke(Unknown Source)
	at org.testng.internal.MethodInvocationHelper.invokeMethod(MethodInvocationHelper.java:85)
	at org.testng.internal.Invoker.invokeMethod(Invoker.java:663)
	at org.testng.internal.Invoker.invokeTestMethod(Invoker.java:849)
	at org.testng.internal.Invoker.invokeTestMethods(Invoker.java:1157)
	at org.testng.internal.TestMethodWorker.invokeTestMethods(TestMethodWorker.java:124)
	at org.testng.internal.TestMethodWorker.run(TestMethodWorker.java:108)
	at org.testng.TestRunner.privateRun(TestRunner.java:771)
	at org.testng.TestRunner.run(TestRunner.java:621)
	at org.testng.SuiteRunner.runTest(SuiteRunner.java:357)
	at org.testng.SuiteRunner.runSequentially(SuiteRunner.java:352)
	at org.testng.SuiteRunner.privateRun(SuiteRunner.java:310)
	at org.testng.SuiteRunner.run(SuiteRunner.java:259)
	at org.testng.SuiteRunnerWorker.runSuite(SuiteRunnerWorker.java:52)
	at org.testng.SuiteRunnerWorker.run(SuiteRunnerWorker.java:86)
	at org.testng.TestNG.runSuitesSequentially(TestNG.java:1200)
	at org.testng.TestNG.runSuitesLocally(TestNG.java:1125)
	at org.testng.TestNG.run(TestNG.java:1033)
	at org.testng.remote.RemoteTestNG.run(RemoteTestNG.java:111)
	at org.testng.remote.RemoteTestNG.initAndRun(RemoteTestNG.java:204)
	at org.testng.remote.RemoteTestNG.main(RemoteTestNG.java:175)
]]>
            </full-stacktrace>
          </exception> <!-- java.util.NoSuchElementException -->
          <reporter-output>
          </reporter-output>
        </test-method> <!-- runningCode_outputsExpectedText -->
        <test-method status="PASS" signature="deleteTempDir()[pri:0, instance:Aula6.TestCompiler@387c703b]" name="deleteTempDir" is-config="true" duration-ms="1" started-at="2015-06-07T15:27:21Z" finished-at="2015-06-07T15:27:21Z">
          <reporter-output>
          </reporter-output>
        </test-method> <!-- deleteTempDir -->
        <test-method status="PASS" signature="createTempDir()[pri:0, instance:Aula6.TestCompiler@387c703b]" name="createTempDir" is-config="true" duration-ms="1" started-at="2015-06-07T15:27:21Z" finished-at="2015-06-07T15:27:21Z">
          <reporter-output>
          </reporter-output>
        </test-method> <!-- createTempDir -->
        <test-method status="FAIL" signature="runningCode_outputsExpectedText(java.lang.String, java.lang.String)[pri:0, instance:Aula6.TestCompiler@387c703b]" name="runningCode_outputsExpectedText" duration-ms="98" started-at="2015-06-07T15:27:21Z" data-provider="provide_code_expectedText" finished-at="2015-06-07T15:27:21Z">
          <params>
            <param index="0">
              <value>
                <![CDATA[LHC+-{print((false | false ));}]]>
              </value>
            </param>
            <param index="1">
              <value>
                <![CDATA[0
]]>
              </value>
            </param>
          </params>
          <exception class="java.util.NoSuchElementException">
            <full-stacktrace>
              <![CDATA[java.util.NoSuchElementException
	at java.util.Scanner.throwFor(Unknown Source)
	at java.util.Scanner.next(Unknown Source)
	at Aula6.TestCompiler.runJavaClass(TestCompiler.java:85)
	at Aula6.TestCompiler.compileAndRun(TestCompiler.java:79)
	at Aula6.TestCompiler.runningCode_outputsExpectedText(TestCompiler.java:52)
	at sun.reflect.NativeMethodAccessorImpl.invoke0(Native Method)
	at sun.reflect.NativeMethodAccessorImpl.invoke(Unknown Source)
	at sun.reflect.DelegatingMethodAccessorImpl.invoke(Unknown Source)
	at java.lang.reflect.Method.invoke(Unknown Source)
	at org.testng.internal.MethodInvocationHelper.invokeMethod(MethodInvocationHelper.java:85)
	at org.testng.internal.Invoker.invokeMethod(Invoker.java:663)
	at org.testng.internal.Invoker.invokeTestMethod(Invoker.java:849)
	at org.testng.internal.Invoker.invokeTestMethods(Invoker.java:1157)
	at org.testng.internal.TestMethodWorker.invokeTestMethods(TestMethodWorker.java:124)
	at org.testng.internal.TestMethodWorker.run(TestMethodWorker.java:108)
	at org.testng.TestRunner.privateRun(TestRunner.java:771)
	at org.testng.TestRunner.run(TestRunner.java:621)
	at org.testng.SuiteRunner.runTest(SuiteRunner.java:357)
	at org.testng.SuiteRunner.runSequentially(SuiteRunner.java:352)
	at org.testng.SuiteRunner.privateRun(SuiteRunner.java:310)
	at org.testng.SuiteRunner.run(SuiteRunner.java:259)
	at org.testng.SuiteRunnerWorker.runSuite(SuiteRunnerWorker.java:52)
	at org.testng.SuiteRunnerWorker.run(SuiteRunnerWorker.java:86)
	at org.testng.TestNG.runSuitesSequentially(TestNG.java:1200)
	at org.testng.TestNG.runSuitesLocally(TestNG.java:1125)
	at org.testng.TestNG.run(TestNG.java:1033)
	at org.testng.remote.RemoteTestNG.run(RemoteTestNG.java:111)
	at org.testng.remote.RemoteTestNG.initAndRun(RemoteTestNG.java:204)
	at org.testng.remote.RemoteTestNG.main(RemoteTestNG.java:175)
]]>
            </full-stacktrace>
          </exception> <!-- java.util.NoSuchElementException -->
          <reporter-output>
          </reporter-output>
        </test-method> <!-- runningCode_outputsExpectedText -->
        <test-method status="PASS" signature="deleteTempDir()[pri:0, instance:Aula6.TestCompiler@387c703b]" name="deleteTempDir" is-config="true" duration-ms="0" started-at="2015-06-07T15:27:21Z" finished-at="2015-06-07T15:27:21Z">
          <reporter-output>
          </reporter-output>
        </test-method> <!-- deleteTempDir -->
      </class> <!-- Aula6.TestCompiler -->
    </test> <!-- Default test -->
  </suite> <!-- Default suite -->
</testng-results>
