<?xml version="1.0" encoding="UTF-8"?>
<!-- Generated by org.testng.reporters.JUnitXMLReporter -->
<testsuite hostname="LuizHenrique-PC" name="Default test" tests="4" failures="0" timestamp="7 Jun 2015 21:05:58 GMT" time="0.609" errors="0">
  <testcase name="runningCode_outputsExpectedText" time="0.288" classname="Aula6.TestCompiler"/>
  <testcase name="runningCode_outputsExpectedText" time="0.091" classname="Aula6.TestCompiler"/>
  <testcase name="runningCode_outputsExpectedText" time="0.107" classname="Aula6.TestCompiler"/>
  <testcase name="runningCode_outputsExpectedText" time="0.086" classname="Aula6.TestCompiler"/>
</testsuite> <!-- Default test -->
